<?xml version="1.0" encoding="UTF-8"?>
<testng-results ignored="0" total="1" passed="1" failed="0" skipped="0">
  <reporter-output>
  </reporter-output>
  <suite started-at="2025-11-12T16:34:53 IST" name="Default suite" finished-at="2025-11-12T16:35:28 IST" duration-ms="34070">
    <groups>
    </groups>
    <test started-at="2025-11-12T16:34:53 IST" name="Default test" finished-at="2025-11-12T16:35:28 IST" duration-ms="34070">
      <class name="com.burgerKing.assignment.CaptureCrowns_Test">
        <test-method is-config="true" signature="startServer()[pri:0, instance:com.burgerKing.assignment.CaptureCrowns_Test@623a8092]" started-at="2025-11-12T16:34:47 IST" name="startServer" finished-at="2025-11-12T16:34:53 IST" duration-ms="6335" status="PASS">
          <reporter-output>
          </reporter-output>
        </test-method> <!-- startServer -->
        <test-method is-config="true" signature="launchApp()[pri:0, instance:com.burgerKing.assignment.CaptureCrowns_Test@623a8092]" started-at="2025-11-12T16:34:54 IST" name="launchApp" finished-at="2025-11-12T16:35:03 IST" duration-ms="9484" status="PASS">
          <reporter-output>
          </reporter-output>
        </test-method> <!-- launchApp -->
        <test-method is-config="true" signature="login()[pri:0, instance:com.burgerKing.assignment.CaptureCrowns_Test@623a8092]" started-at="2025-11-12T16:35:03 IST" name="login" finished-at="2025-11-12T16:35:05 IST" duration-ms="2011" status="PASS">
          <reporter-output>
          </reporter-output>
        </test-method> <!-- login -->
        <test-method signature="e2esample2Test()[pri:0, instance:com.burgerKing.assignment.CaptureCrowns_Test@623a8092]" started-at="2025-11-12T16:35:05 IST" name="e2esample2Test" finished-at="2025-11-12T16:35:25 IST" duration-ms="19832" status="PASS">
          <reporter-output>
          </reporter-output>
        </test-method> <!-- e2esample2Test -->
        <test-method is-config="true" signature="logout()[pri:0, instance:com.burgerKing.assignment.CaptureCrowns_Test@623a8092]" started-at="2025-11-12T16:35:25 IST" name="logout" finished-at="2025-11-12T16:35:25 IST" duration-ms="0" status="PASS">
          <reporter-output>
          </reporter-output>
        </test-method> <!-- logout -->
        <test-method is-config="true" signature="closeApp()[pri:0, instance:com.burgerKing.assignment.CaptureCrowns_Test@623a8092]" started-at="2025-11-12T16:35:25 IST" name="closeApp" finished-at="2025-11-12T16:35:28 IST" duration-ms="2681" status="PASS">
          <reporter-output>
          </reporter-output>
        </test-method> <!-- closeApp -->
        <test-method is-config="true" signature="stopServer()[pri:0, instance:com.burgerKing.assignment.CaptureCrowns_Test@623a8092]" started-at="2025-11-12T16:35:28 IST" name="stopServer" finished-at="2025-11-12T16:35:28 IST" duration-ms="57" status="PASS">
          <reporter-output>
          </reporter-output>
        </test-method> <!-- stopServer -->
      </class> <!-- com.burgerKing.assignment.CaptureCrowns_Test -->
    </test> <!-- Default test -->
  </suite> <!-- Default suite -->
</testng-results>
