<?xml version="1.0" encoding="UTF-8"?>
<testng-results ignored="0" total="1" passed="1" failed="0" skipped="0">
  <reporter-output>
  </reporter-output>
  <suite started-at="2025-11-12T15:27:39 IST" name="Default suite" finished-at="2025-11-12T15:28:12 IST" duration-ms="32968">
    <groups>
    </groups>
    <test started-at="2025-11-12T15:27:39 IST" name="Default test" finished-at="2025-11-12T15:28:12 IST" duration-ms="32968">
      <class name="com.burgerKing.assignment.CaptureCrowns">
        <test-method is-config="true" signature="startServer()[pri:0, instance:com.burgerKing.assignment.CaptureCrowns@d21a74c]" started-at="2025-11-12T15:27:29 IST" name="startServer" finished-at="2025-11-12T15:27:39 IST" duration-ms="10387" status="PASS">
          <reporter-output>
          </reporter-output>
        </test-method> <!-- startServer -->
        <test-method is-config="true" signature="launchApp()[pri:0, instance:com.burgerKing.assignment.CaptureCrowns@d21a74c]" started-at="2025-11-12T15:27:39 IST" name="launchApp" finished-at="2025-11-12T15:27:49 IST" duration-ms="9743" status="PASS">
          <reporter-output>
          </reporter-output>
        </test-method> <!-- launchApp -->
        <test-method is-config="true" signature="login()[pri:0, instance:com.burgerKing.assignment.CaptureCrowns@d21a74c]" started-at="2025-11-12T15:27:49 IST" name="login" finished-at="2025-11-12T15:27:51 IST" duration-ms="2005" status="PASS">
          <reporter-output>
          </reporter-output>
        </test-method> <!-- login -->
        <test-method signature="e2esample2Test()[pri:0, instance:com.burgerKing.assignment.CaptureCrowns@d21a74c]" started-at="2025-11-12T15:27:51 IST" name="e2esample2Test" finished-at="2025-11-12T15:28:09 IST" duration-ms="18403" status="PASS">
          <reporter-output>
          </reporter-output>
        </test-method> <!-- e2esample2Test -->
        <test-method is-config="true" signature="logout()[pri:0, instance:com.burgerKing.assignment.CaptureCrowns@d21a74c]" started-at="2025-11-12T15:28:09 IST" name="logout" finished-at="2025-11-12T15:28:09 IST" duration-ms="1" status="PASS">
          <reporter-output>
          </reporter-output>
        </test-method> <!-- logout -->
        <test-method is-config="true" signature="closeApp()[pri:0, instance:com.burgerKing.assignment.CaptureCrowns@d21a74c]" started-at="2025-11-12T15:28:09 IST" name="closeApp" finished-at="2025-11-12T15:28:12 IST" duration-ms="2745" status="PASS">
          <reporter-output>
          </reporter-output>
        </test-method> <!-- closeApp -->
        <test-method is-config="true" signature="stopServer()[pri:0, instance:com.burgerKing.assignment.CaptureCrowns@d21a74c]" started-at="2025-11-12T15:28:12 IST" name="stopServer" finished-at="2025-11-12T15:28:12 IST" duration-ms="61" status="PASS">
          <reporter-output>
          </reporter-output>
        </test-method> <!-- stopServer -->
      </class> <!-- com.burgerKing.assignment.CaptureCrowns -->
    </test> <!-- Default test -->
  </suite> <!-- Default suite -->
</testng-results>
